Traceback (most recent call last):
  File "/opt/homebrew/Caskroom/miniforge/base/envs/sizing_course/lib/python3.8/site-packages/jupyter_cache/executors/utils.py", line 51, in single_nb_execution
    executenb(
  File "/opt/homebrew/Caskroom/miniforge/base/envs/sizing_course/lib/python3.8/site-packages/nbclient/client.py", line 1204, in execute
    return NotebookClient(nb=nb, resources=resources, km=km, **kwargs).execute()
  File "/opt/homebrew/Caskroom/miniforge/base/envs/sizing_course/lib/python3.8/site-packages/nbclient/util.py", line 84, in wrapped
    return just_run(coro(*args, **kwargs))
  File "/opt/homebrew/Caskroom/miniforge/base/envs/sizing_course/lib/python3.8/site-packages/nbclient/util.py", line 62, in just_run
    return loop.run_until_complete(coro)
  File "/opt/homebrew/Caskroom/miniforge/base/envs/sizing_course/lib/python3.8/asyncio/base_events.py", line 616, in run_until_complete
    return future.result()
  File "/opt/homebrew/Caskroom/miniforge/base/envs/sizing_course/lib/python3.8/site-packages/nbclient/client.py", line 663, in async_execute
    await self.async_execute_cell(
  File "/opt/homebrew/Caskroom/miniforge/base/envs/sizing_course/lib/python3.8/site-packages/nbclient/client.py", line 965, in async_execute_cell
    await self._check_raise_for_error(cell, cell_index, exec_reply)
  File "/opt/homebrew/Caskroom/miniforge/base/envs/sizing_course/lib/python3.8/site-packages/nbclient/client.py", line 862, in _check_raise_for_error
    raise CellExecutionError.from_cell_and_msg(cell, exec_reply_content)
nbclient.exceptions.CellExecutionError: An error occurred while executing the following cell:
------------------
D_ref = 140  # [mm] Reference diameter
F_axial_ref = 475  # [kN] Reference max axial force

print("The estimated axial force is: %.2f kN" % (F_axial_ref * ))
print("The estimation model is: F_axial_max = %.2e.D^2" % (F_axial_ref * ))
------------------

[0;36m  File [0;32m"/var/folders/8f/0st0j4vx0k5fzpjhfpf2fn3n1r3782/T/ipykernel_10255/2696004912.py"[0;36m, line [0;32m4[0m
[0;31m    print("The estimated axial force is: %.2f kN" % (F_axial_ref * ))[0m
[0m                                                                   ^[0m
[0;31mSyntaxError[0m[0;31m:[0m invalid syntax

SyntaxError: invalid syntax (2696004912.py, line 4)

